<?xml version="1.0" encoding="UTF-8"?>
<coverage generated="1553001749532" clover="3.2.0">
  <project timestamp="1553001749532" name="All files">
    <metrics statements="13" coveredstatements="13" conditionals="10" coveredconditionals="10" methods="5" coveredmethods="5" elements="28" coveredelements="28" complexity="0" loc="13" ncloc="13" packages="1" files="2" classes="2"/>
    <file name="map-recursive.js" path="P:\xampp4\htdocs\jest-in-practice\src\map\map-recursive.js">
      <metrics statements="4" coveredstatements="4" conditionals="4" coveredconditionals="4" methods="3" coveredmethods="3"/>
      <line num="3" count="2" type="cond" truecount="2" falsecount="0"/>
      <line num="4" count="8" type="stmt"/>
      <line num="5" count="22" type="stmt"/>
      <line num="7" count="22" type="cond" truecount="2" falsecount="0"/>
    </file>
    <file name="map.js" path="P:\xampp4\htdocs\jest-in-practice\src\map\map.js">
      <metrics statements="9" coveredstatements="9" conditionals="6" coveredconditionals="6" methods="2" coveredmethods="2"/>
      <line num="3" count="2" type="cond" truecount="2" falsecount="0"/>
      <line num="4" count="12" type="cond" truecount="2" falsecount="0"/>
      <line num="5" count="2" type="stmt"/>
      <line num="8" count="10" type="cond" truecount="2" falsecount="0"/>
      <line num="9" count="2" type="stmt"/>
      <line num="12" count="8" type="stmt"/>
      <line num="13" count="8" type="stmt"/>
      <line num="14" count="14" type="stmt"/>
      <line num="16" count="8" type="stmt"/>
    </file>
  </project>
</coverage>
