{"P:\\xampp4\\htdocs\\jest-in-practice\\src\\map\\map-recursive.js": {"path":"P:\\xampp4\\htdocs\\jest-in-practice\\src\\map\\map-recursive.js","statementMap":{"0":{"start":{"line":3,"column":12},"end":{"line":12,"column":1}},"1":{"start":{"line":3,"column":40},"end":{"line":3,"column":44}},"2":{"start":{"line":4,"column":4},"end":{"line":11,"column":14}},"3":{"start":{"line":5,"column":32},"end":{"line":5,"column":45}},"4":{"start":{"line":7,"column":8},"end":{"line":10,"column":9}}},"fnMap":{"0":{"name":"(anonymous_0)","decl":{"start":{"line":3,"column":12},"end":{"line":3,"column":13}},"loc":{"start":{"line":3,"column":49},"end":{"line":12,"column":1}},"line":3},"1":{"name":"(anonymous_1)","decl":{"start":{"line":3,"column":30},"end":{"line":3,"column":31}},"loc":{"start":{"line":3,"column":40},"end":{"line":3,"column":44}},"line":3},"2":{"name":"mapInternal","decl":{"start":{"line":4,"column":21},"end":{"line":4,"column":32}},"loc":{"start":{"line":4,"column":57},"end":{"line":11,"column":5}},"line":4}},"branchMap":{"0":{"loc":{"start":{"line":3,"column":13},"end":{"line":3,"column":21}},"type":"default-arg","locations":[{"start":{"line":3,"column":19},"end":{"line":3,"column":21}}],"line":3},"1":{"loc":{"start":{"line":3,"column":23},"end":{"line":3,"column":44}},"type":"default-arg","locations":[{"start":{"line":3,"column":30},"end":{"line":3,"column":44}}],"line":3},"2":{"loc":{"start":{"line":7,"column":15},"end":{"line":10,"column":9}},"type":"cond-expr","locations":[{"start":{"line":7,"column":44},"end":{"line":7,"column":46}},{"start":{"line":7,"column":49},"end":{"line":10,"column":9}}],"line":7}},"s":{"0":1,"1":2,"2":8,"3":22,"4":22},"f":{"0":8,"1":2,"2":22},"b":{"0":[1],"1":[2],"2":[8,14]},"_coverageSchema":"43e27e138ebf9cfc5966b082cf9a028302ed4184","hash":"fd724c781722173a00977e0f1e964cf77bf5e9eb"}
,"P:\\xampp4\\htdocs\\jest-in-practice\\src\\map\\map.js": {"path":"P:\\xampp4\\htdocs\\jest-in-practice\\src\\map\\map.js","statementMap":{"0":{"start":{"line":3,"column":12},"end":{"line":17,"column":1}},"1":{"start":{"line":3,"column":40},"end":{"line":3,"column":44}},"2":{"start":{"line":4,"column":4},"end":{"line":6,"column":5}},"3":{"start":{"line":5,"column":8},"end":{"line":5,"column":67}},"4":{"start":{"line":8,"column":4},"end":{"line":10,"column":5}},"5":{"start":{"line":9,"column":8},"end":{"line":9,"column":70}},"6":{"start":{"line":12,"column":17},"end":{"line":12,"column":19}},"7":{"start":{"line":13,"column":4},"end":{"line":15,"column":5}},"8":{"start":{"line":13,"column":17},"end":{"line":13,"column":18}},"9":{"start":{"line":14,"column":8},"end":{"line":14,"column":41}},"10":{"start":{"line":16,"column":4},"end":{"line":16,"column":17}}},"fnMap":{"0":{"name":"(anonymous_0)","decl":{"start":{"line":3,"column":12},"end":{"line":3,"column":13}},"loc":{"start":{"line":3,"column":49},"end":{"line":17,"column":1}},"line":3},"1":{"name":"(anonymous_1)","decl":{"start":{"line":3,"column":30},"end":{"line":3,"column":31}},"loc":{"start":{"line":3,"column":40},"end":{"line":3,"column":44}},"line":3}},"branchMap":{"0":{"loc":{"start":{"line":3,"column":13},"end":{"line":3,"column":21}},"type":"default-arg","locations":[{"start":{"line":3,"column":19},"end":{"line":3,"column":21}}],"line":3},"1":{"loc":{"start":{"line":3,"column":23},"end":{"line":3,"column":44}},"type":"default-arg","locations":[{"start":{"line":3,"column":30},"end":{"line":3,"column":44}}],"line":3},"2":{"loc":{"start":{"line":4,"column":4},"end":{"line":6,"column":5}},"type":"if","locations":[{"start":{"line":4,"column":4},"end":{"line":6,"column":5}},{"start":{"line":4,"column":4},"end":{"line":6,"column":5}}],"line":4},"3":{"loc":{"start":{"line":8,"column":4},"end":{"line":10,"column":5}},"type":"if","locations":[{"start":{"line":8,"column":4},"end":{"line":10,"column":5}},{"start":{"line":8,"column":4},"end":{"line":10,"column":5}}],"line":8}},"s":{"0":1,"1":2,"2":12,"3":2,"4":10,"5":2,"6":8,"7":8,"8":8,"9":14,"10":8},"f":{"0":12,"1":2},"b":{"0":[1],"1":[4],"2":[2,10],"3":[2,8]},"_coverageSchema":"43e27e138ebf9cfc5966b082cf9a028302ed4184","hash":"f8d331df12cc6ebb7dee87f30143f40f6a2f8800"}
}
