TN:
SF:P:\xampp4\htdocs\jest-in-practice\src\map\map-recursive.js
FN:3,(anonymous_0)
FN:3,(anonymous_1)
FN:4,mapInternal
FNF:3
FNH:3
FNDA:8,(anonymous_0)
FNDA:2,(anonymous_1)
FNDA:22,mapInternal
DA:3,2
DA:4,8
DA:5,22
DA:7,22
LF:4
LH:4
BRDA:3,0,0,1
BRDA:3,1,0,2
BRDA:7,2,0,8
BRDA:7,2,1,14
BRF:4
BRH:4
end_of_record
TN:
SF:P:\xampp4\htdocs\jest-in-practice\src\map\map.js
FN:3,(anonymous_0)
FN:3,(anonymous_1)
FNF:2
FNH:2
FNDA:12,(anonymous_0)
FNDA:2,(anonymous_1)
DA:3,2
DA:4,12
DA:5,2
DA:8,10
DA:9,2
DA:12,8
DA:13,8
DA:14,14
DA:16,8
LF:9
LH:9
BRDA:3,0,0,1
BRDA:3,1,0,4
BRDA:4,2,0,2
BRDA:4,2,1,10
BRDA:8,3,0,2
BRDA:8,3,1,8
BRF:6
BRH:6
end_of_record
